**************************************************************
The 0 sample ......
Tue Mar 20 17:57:26 CST 2012


swap -l 
swapfile             dev  swaplo blocks   free
/dev/dsk/c0t0d0s1   32,9      16 33560432 22752544
/u01/swap/swapfile    -       16 41943024 31116784


vmstat 1 3
 kthr      memory            page            disk          faults      cpu
 r b w   swap  free  re  mf pi po fr de sr s0 s1 s2 --   in   sy   cs us sy id
 0 2 0 17997880 784312 1904 21137 79 26 44 0 29 51 2 -0 0 12819 39879 12707 5 10 85
 2 0 0 12234304 296688 4617 54690 69 0 0 0 0 0 0  0  0 12238 51026 11895 9 12 79
 0 0 0 12234704 296408 4607 54467 16 0 0 0 0 8 1  0  0 11804 51860 11696 9 12 79


prstat -a 1 3
   PID USERNAME  SIZE   RSS STATE  PRI NICE      TIME  CPU PROCESS/NLWP       
 10247 oracle   6283M 6241M cpu15    0    0   6:30:00 4.4% oracle/15
 15762 jyu6     2040K 1448K sleep    0    0  20:55:25 1.1% installEMS/1
 15840 jyu6     2040K 1448K sleep    0    0  21:02:08 1.1% installEMS/1
 10240 oracle   6279M 6237M sleep   59    0  24:44:04 0.3% oracle/16
 10243 oracle   6279M 6237M sleep   59    0  33:28:17 0.2% oracle/15
 25759 ygong    1632K  720K sleep   49    0  43:41:24 0.1% tail/1
 25704 ygong    1632K  720K sleep   49    0  43:41:22 0.1% tail/1
 25826 ygong    1632K  720K sleep   59    0  34:52:03 0.1% tail/1
 25790 ygong    1632K  720K sleep   59    0  43:41:17 0.1% tail/1
 28593 jwang15  1656M  549M sleep   59    0   1:31:56 0.1% cm.exe/281
 28977 bning     292M  160M sleep   59    0   0:21:57 0.1% cm.exe/111
 13338 bning     436M  307M sleep   59    0   1:06:01 0.1% cm.exe/113
 19814 wchen1    451M  168M sleep   59    0   0:27:21 0.1% java/53
 20192 oracle   6278M 6253M sleep   59    0   0:18:18 0.0% oracle/15
 10234 oracle   6279M 6237M sleep   59    0   3:31:29 0.0% oracle/1
 NPROC USERNAME  SWAP   RSS MEMORY      TIME  CPU                             
   108 oracle   6825M 6427M    39% 111:13:31 5.2%
    13 jyu6      900M  155M   0.9%  42:41:44 2.2%
    10 ygong    5640K 5680K   0.0% 165:57:05 0.4%
    23 bning    3670M 1030M   6.3%   6:51:38 0.2%
    20 wchen1   2122M  855M   5.2%   6:51:31 0.1%
Total: 546 processes, 32246 lwps, load averages: 3.23, 2.91, 2.81
   PID USERNAME  SIZE   RSS STATE  PRI NICE      TIME  CPU PROCESS/NLWP       
 10247 oracle   6283M 6241M cpu7    20    0   6:30:04 4.8% oracle/15
 15840 jyu6     2040K 1448K cpu10    0    0  21:02:09 1.1% installEMS/1
 15762 jyu6     2040K 1448K sleep    0    0  20:55:26 1.1% installEMS/1
  6216 bwang1   4328K 3672K cpu15   59    0   0:00:03 0.9% prstat/1
 10240 oracle   6279M 6237M sleep   59    0  24:44:04 0.3% oracle/16
 10243 oracle   6279M 6237M sleep   59    0  33:28:17 0.2% oracle/15
 25704 ygong    1632K  720K sleep   59    0  43:41:22 0.1% tail/1
 25826 ygong    1632K  720K sleep   54    0  34:52:03 0.1% tail/1
 25759 ygong    1632K  720K sleep   59    0  43:41:24 0.1% tail/1
 25790 ygong    1632K  720K sleep   59    0  43:41:17 0.1% tail/1
 28593 jwang15  1656M  549M sleep   59    0   1:31:56 0.1% cm.exe/281
 28977 bning     292M  160M sleep   59    0   0:21:57 0.1% cm.exe/111
 13338 bning     436M  307M sleep   59    0   1:06:01 0.1% cm.exe/113
 19814 wchen1    451M  168M sleep   59    0   0:27:21 0.0% java/53
 20192 oracle   6278M 6253M sleep   59    0   0:18:18 0.0% oracle/15
 NPROC USERNAME  SWAP   RSS MEMORY      TIME  CPU                             
   108 oracle   6825M 6427M    39% 111:13:35 5.5%
    13 jyu6      900M  155M   0.9%  42:41:46 2.2%
    39 bwang1    900M  272M   1.7%   0:53:47 0.9%
    10 ygong    5640K 5680K   0.0% 165:57:05 0.4%
    23 bning    3670M 1030M   6.3%   6:51:38 0.2%
Total: 547 processes, 32247 lwps, load averages: 3.26, 2.92, 2.81
   PID USERNAME  SIZE   RSS STATE  PRI NICE      TIME  CPU PROCESS/NLWP       
 10247 oracle   6283M 6241M cpu10   32    0   6:30:07 4.6% oracle/15
  6216 bwang1   4328K 3672K cpu15   50    0   0:00:06 1.6% prstat/1
 15762 jyu6     2040K 1448K sleep    0    0  20:55:27 1.1% installEMS/1
 15840 jyu6     2040K 1448K sleep    0    0  21:02:09 1.1% installEMS/1
 10240 oracle   6279M 6237M sleep   59    0  24:44:04 0.2% oracle/16
 10243 oracle   6279M 6237M sleep   59    0  33:28:17 0.1% oracle/15
 25826 ygong    1632K  720K sleep   59    0  34:52:03 0.1% tail/1
 25704 ygong    1632K  720K sleep   59    0  43:41:22 0.1% tail/1
 25759 ygong    1632K  720K sleep   59    0  43:41:24 0.1% tail/1
 25790 ygong    1632K  720K sleep   59    0  43:41:17 0.1% tail/1
 28593 jwang15  1656M  549M sleep   59    0   1:31:56 0.1% cm.exe/281
 28977 bning     292M  160M sleep   59    0   0:21:57 0.0% cm.exe/111
 13338 bning     436M  307M sleep   59    0   1:06:01 0.0% cm.exe/113
 19814 wchen1    451M  168M sleep   59    0   0:27:21 0.0% java/53
 20192 oracle   6278M 6253M sleep   59    0   0:18:18 0.0% oracle/15
 NPROC USERNAME  SWAP   RSS MEMORY      TIME  CPU                             
   108 oracle   6825M 6427M    39% 111:13:38 5.2%
    13 jyu6      899M  155M   0.9%  42:41:47 2.2%
    39 bwang1    900M  272M   1.7%   0:53:50 1.6%
    10 ygong    5640K 5680K   0.0% 165:57:05 0.4%
    23 bning    3670M 1030M   6.3%   6:51:38 0.2%
Total: 547 processes, 32247 lwps, load averages: 3.31, 2.93, 2.82


iostat 1 3
   tty        sd0           sd1           sd2           nfs1           cpu
 tin tout kps tps serv  kps tps serv  kps tps serv  kps tps serv   us sy wt id
   1   79 418  51   32   31   2   25    0   0    0    0   0    0    5 10  0 85
   0  779 17022 232  504   48   6    8    0   0    0    0   0    0    7 14  0 79
   0   82 5376 422 1139   30   3    9    0   0    0    0   0    0    5 13  0 82




**************************************************************
The 1 sample ......
Tue Mar 20 17:57:52 CST 2012


swap -l 
swapfile             dev  swaplo blocks   free
/dev/dsk/c0t0d0s1   32,9      16 33560432 22752672
/u01/swap/swapfile    -       16 41943024 31116848


vmstat 1 3
 kthr      memory            page            disk          faults      cpu
 r b w   swap  free  re  mf pi po fr de sr s0 s1 s2 --   in   sy   cs us sy id
 0 2 0 17997872 784312 1904 21137 79 26 44 0 29 51 2 -0 0 12819 39879 12707 5 10 85
 1 0 0 12230704 292120 4557 53720 112 0 0 0 0 18 4 0 0 12573 55361 12797 10 13 78
 0 0 0 12230488 291888 4582 53978 255 0 0 0 0 18 0 0 0 12536 55311 12473 10 13 78


prstat -a 1 3
   PID USERNAME  SIZE   RSS STATE  PRI NICE      TIME  CPU PROCESS/NLWP       
 10247 oracle   6286M 6245M cpu13    0    0   6:30:22 5.2% oracle/15
 15762 jyu6     2040K 1448K sleep    0    0  20:55:30 1.1% installEMS/1
 15840 jyu6     2040K 1448K sleep    0    0  21:02:12 1.1% installEMS/1
 10240 oracle   6279M 6237M sleep   59    0  24:44:04 0.1% oracle/16
 10243 oracle   6279M 6237M sleep   59    0  33:28:18 0.1% oracle/15
 25759 ygong    1632K  720K sleep   59    0  43:41:24 0.1% tail/1
 25790 ygong    1632K  720K sleep   59    0  43:41:17 0.1% tail/1
 25704 ygong    1632K  720K sleep   59    0  43:41:22 0.1% tail/1
 25826 ygong    1632K  720K sleep   59    0  34:52:04 0.1% tail/1
 28593 jwang15  1656M  549M sleep   59    0   1:31:56 0.1% cm.exe/281
 28977 bning     292M  160M sleep   59    0   0:21:57 0.1% cm.exe/111
 13338 bning     436M  307M sleep   59    0   1:06:01 0.1% cm.exe/113
   536 root     4448K 2792K sleep   59    0  24:55:10 0.0% automountd/3
 19805 wchen1    445M  231M sleep   59    0   2:34:19 0.0% java/128
 20192 oracle   6278M 6253M sleep   59    0   0:18:19 0.0% oracle/15
 NPROC USERNAME  SWAP   RSS MEMORY      TIME  CPU                             
   108 oracle   6829M 6431M    39% 111:13:57 5.7%
    13 jyu6      899M  155M   0.9%  42:41:53 2.2%
    10 ygong    5640K 5680K   0.0% 165:57:06 0.4%
    23 bning    3670M 1030M   6.3%   6:51:38 0.2%
    30 jwang15  6695M  990M   6.0%  20:37:25 0.1%
Total: 547 processes, 32248 lwps, load averages: 3.43, 2.98, 2.84
   PID USERNAME  SIZE   RSS STATE  PRI NICE      TIME  CPU PROCESS/NLWP       
 10247 oracle   6286M 6245M cpu2     0    0   6:30:26 5.4% oracle/15
 15840 jyu6     2040K 1448K sleep    0    0  21:02:13 1.1% installEMS/1
 15762 jyu6     2040K 1448K sleep    0    0  20:55:30 1.1% installEMS/1
 24418 bwang1   4328K 3672K cpu6    50    0   0:00:03 0.9% prstat/1
 10240 oracle   6279M 6237M sleep   59    0  24:44:04 0.1% oracle/16
 10243 oracle   6279M 6237M sleep   59    0  33:28:18 0.1% oracle/15
 25759 ygong    1632K  720K sleep   59    0  43:41:25 0.1% tail/1
 25704 ygong    1632K  720K sleep   59    0  43:41:22 0.1% tail/1
 25826 ygong    1632K  720K sleep   59    0  34:52:04 0.1% tail/1
 25790 ygong    1632K  720K sleep   59    0  43:41:17 0.1% tail/1
 28593 jwang15  1656M  549M sleep   59    0   1:31:57 0.1% cm.exe/281
 28977 bning     292M  160M sleep   59    0   0:21:57 0.1% cm.exe/111
 13338 bning     436M  307M sleep   59    0   1:06:01 0.1% cm.exe/113
 13334 bning    1314M  401M sleep   59    0   2:15:04 0.1% cm.exe/116
 20192 oracle   6278M 6253M sleep   49    0   0:18:19 0.0% oracle/15
 NPROC USERNAME  SWAP   RSS MEMORY      TIME  CPU                             
   108 oracle   6829M 6431M    39% 111:14:01 5.9%
    13 jyu6      899M  155M   0.9%  42:41:54 2.2%
    39 bwang1    900M  272M   1.7%   0:53:47 0.9%
    10 ygong    5640K 5680K   0.0% 165:57:07 0.5%
    23 bning    3670M 1030M   6.3%   6:51:38 0.2%
Total: 547 processes, 32248 lwps, load averages: 3.46, 3.00, 2.84
   PID USERNAME  SIZE   RSS STATE  PRI NICE      TIME  CPU PROCESS/NLWP       
 10247 oracle   6286M 6245M sleep    3    0   6:30:28 4.7% oracle/15
 24418 bwang1   4328K 3672K cpu6    50    0   0:00:06 1.6% prstat/1
 15840 jyu6     2040K 1448K sleep    0    0  21:02:14 1.1% installEMS/1
 15762 jyu6     2040K 1448K sleep    0    0  20:55:31 1.1% installEMS/1
 28593 jwang15  1656M  549M sleep   59    0   1:31:57 0.1% cm.exe/281
 10240 oracle   6279M 6237M sleep   59    0  24:44:04 0.1% oracle/16
 25759 ygong    1632K  720K sleep   59    0  43:41:25 0.1% tail/1
 25704 ygong    1632K  720K sleep   54    0  43:41:22 0.1% tail/1
 25826 ygong    1632K  720K sleep   54    0  34:52:04 0.1% tail/1
 25790 ygong    1632K  720K sleep   49    0  43:41:17 0.1% tail/1
 10243 oracle   6279M 6237M sleep   59    0  33:28:18 0.1% oracle/15
 13334 bning    1314M  401M sleep   59    0   2:15:04 0.1% cm.exe/116
 28977 bning     292M  160M sleep   59    0   0:21:58 0.1% cm.exe/111
 13338 bning     436M  307M sleep   59    0   1:06:01 0.1% cm.exe/113
 20192 oracle   6278M 6253M sleep   59    0   0:18:19 0.0% oracle/15
 NPROC USERNAME  SWAP   RSS MEMORY      TIME  CPU                             
   108 oracle   6829M 6431M    39% 111:14:03 5.2%
    13 jyu6      899M  155M   0.9%  42:41:56 2.2%
    39 bwang1    900M  272M   1.7%   0:53:50 1.7%
    10 ygong    5640K 5680K   0.0% 165:57:07 0.5%
    23 bning    3670M 1030M   6.3%   6:51:39 0.2%
Total: 547 processes, 32248 lwps, load averages: 3.49, 3.01, 2.85


iostat 1 3
   tty        sd0           sd1           sd2           nfs1           cpu
 tin tout kps tps serv  kps tps serv  kps tps serv  kps tps serv   us sy wt id
   1   79 418  51   32   31   2   25    0   0    0    0   0    0    5 10  0 85
   0 2307 14683 747    3    0   0    0    0   0    0    0   0    0    6 13  0 81
   0   82 15144 663    3    0   0    0    0   0    0    0   0    0    5 13  0 82




**************************************************************
The 0 sample ......
Tue Mar 20 18:10:59 CST 2012


**************************************************************
The 0 sample ......
Tue Mar 20 18:11:22 CST 2012
Tue Mar 20 18:11:32 CST 2012
**************************************************************
The 0 sample ......
Tue Mar 20 18:11:32 CST 2012
**************************************************************
The 0 sample ......
Tue Mar 20 18:12:07 CST 2012
Tue Mar 20 18:12:17 CST 2012
**************************************************************
The 1 sample ......
Tue Mar 20 18:12:17 CST 2012
Tue Mar 20 18:12:27 CST 2012
